<?xml version="1.0" encoding="UTF-8"?>
<testng-results ignored="0" total="1" passed="1" failed="0" skipped="0">
  <reporter-output>
  </reporter-output>
  <suite started-at="2023-06-12T23:29:51 IST" name="Default suite" finished-at="2023-06-12T23:30:54 IST" duration-ms="62653">
    <groups>
    </groups>
    <test started-at="2023-06-12T23:29:51 IST" name="Default test" finished-at="2023-06-12T23:30:54 IST" duration-ms="62653">
      <class name="tests.LoginTest">
        <test-method is-config="true" signature="loadconfig()[pri:0, instance:tests.LoginTest@771a660]" started-at="2023-06-12T23:29:51 IST" name="loadconfig" finished-at="2023-06-12T23:29:51 IST" duration-ms="12" status="PASS">
          <reporter-output>
          </reporter-output>
        </test-method> <!-- loadconfig -->
        <test-method is-config="true" signature="extentReport()[pri:0, instance:tests.LoginTest@771a660]" started-at="2023-06-12T23:29:51 IST" name="extentReport" finished-at="2023-06-12T23:29:52 IST" duration-ms="1207" status="PASS">
          <reporter-output>
          </reporter-output>
        </test-method> <!-- extentReport -->
        <test-method is-config="true" signature="setup()[pri:0, instance:tests.LoginTest@771a660]" started-at="2023-06-12T23:29:52 IST" name="setup" finished-at="2023-06-12T23:30:47 IST" duration-ms="54661" status="PASS">
          <reporter-output>
          </reporter-output>
        </test-method> <!-- setup -->
        <test-method is-config="true" signature="beforMethod(java.lang.reflect.Method)[pri:0, instance:tests.LoginTest@771a660]" started-at="2023-06-12T23:30:47 IST" name="beforMethod" finished-at="2023-06-12T23:30:47 IST" duration-ms="78" status="PASS">
          <params>
            <param index="0">
              <value>
                <![CDATA[public void tests.LoginTest.VerifyValidUserLogin(java.lang.String,java.lang.String) throws java.lang.InterruptedException]]>
              </value>
            </param>
          </params>
          <reporter-output>
          </reporter-output>
        </test-method> <!-- beforMethod -->
        <test-method signature="VerifyValidUserLogin(java.lang.String,java.lang.String)[pri:0, instance:tests.LoginTest@771a660]" started-at="2023-06-12T23:30:47 IST" name="VerifyValidUserLogin" data-provider="testdata" finished-at="2023-06-12T23:30:52 IST" duration-ms="4988" status="PASS">
          <params>
            <param index="0">
              <value>
                <![CDATA[thorat959@gmail.com]]>
              </value>
            </param>
            <param index="1">
              <value>
                <![CDATA[Zxcvbnm1@]]>
              </value>
            </param>
          </params>
          <reporter-output>
          </reporter-output>
        </test-method> <!-- VerifyValidUserLogin -->
        <test-method is-config="true" signature="afterMethod(org.testng.ITestResult)[pri:0, instance:tests.LoginTest@771a660]" started-at="2023-06-12T23:30:52 IST" name="afterMethod" finished-at="2023-06-12T23:30:54 IST" duration-ms="1523" status="PASS">
          <params>
            <param index="0">
              <value>
                <![CDATA[[TestResult name=VerifyValidUserLogin status=SUCCESS method=LoginTest.VerifyValidUserLogin(java.lang.String,java.lang.String)[pri:0, instance:tests.LoginTest@771a660] output={null}]]]>
              </value>
            </param>
          </params>
          <reporter-output>
          </reporter-output>
        </test-method> <!-- afterMethod -->
        <test-method is-config="true" signature="afterSuit()[pri:0, instance:tests.LoginTest@771a660]" started-at="2023-06-12T23:30:54 IST" name="afterSuit" finished-at="2023-06-12T23:30:55 IST" duration-ms="758" status="PASS">
          <reporter-output>
          </reporter-output>
        </test-method> <!-- afterSuit -->
      </class> <!-- tests.LoginTest -->
    </test> <!-- Default test -->
  </suite> <!-- Default suite -->
</testng-results>
